{"level":"info","message":"","timestamp":"2025-01-26T03:38:41.640Z"}
{"level":"info","message":"","timestamp":"2025-01-26T03:38:52.165Z"}
{"level":"info","message":"Mongo","timestamp":"2025-01-26T03:38:54.073Z"}
{"level":"info","message":"MongoDB connected successfully","timestamp":"2025-01-26T03:38:59.819Z"}
{"level":"info","message":"MongoDB connected successfully...","timestamp":"2025-01-26T03:39:02.122Z"}
{"level":"info","message":"MongoDB connected successfully...","timestamp":"2025-01-26T03:40:33.443Z"}
{"level":"info","message":"MongoDB connected successfully...","timestamp":"2025-01-26T03:40:37.555Z"}
{"level":"info","message":"MongoDB connected successfully...","timestamp":"2025-01-26T05:46:17.162Z"}
{"level":"info","message":"MongoDB connected successfully...","timestamp":"2025-01-26T05:47:05.430Z"}
{"level":"info","message":"MongoDB connection init...","timestamp":"2025-01-26T05:51:28.106Z"}
{"level":"info","message":"MongoDB connected successfully...","timestamp":"2025-01-26T05:51:31.990Z"}
{"level":"info","message":"MongoDB connection init...","timestamp":"2025-01-26T05:54:03.578Z"}
{"level":"info","message":"MongoDB connected successfully...","timestamp":"2025-01-26T05:54:07.125Z"}
{"level":"info","message":"MongoDB connection init...","timestamp":"2025-01-26T05:55:01.007Z"}
{"level":"info","message":"MongoDB connected successfully...","timestamp":"2025-01-26T05:55:04.294Z"}
{"level":"info","message":"MongoDB connection init...","timestamp":"2025-01-26T05:55:11.872Z"}
{"level":"info","message":"teh server start running with the command node server.js on port: ","timestamp":"2025-01-26T05:55:11.886Z"}
{"level":"info","message":"MongoDB connected successfully...","timestamp":"2025-01-26T05:55:15.254Z"}
{"level":"info","message":"MongoDB connection init...","timestamp":"2025-01-26T05:55:27.440Z"}
{"level":"info","message":"teh server start running with the command node server.js on port: ","timestamp":"2025-01-26T05:55:27.453Z"}
{"level":"info","message":"MongoDB connected successfully...","timestamp":"2025-01-26T05:55:30.734Z"}
